TN:
SF:/home/kaen/code/wasabi/src/bitstream.js
FN:14,Bitstream
FN:31,(anonymous_2)
FN:39,(anonymous_3)
FN:51,(anonymous_4)
FN:69,(anonymous_5)
FN:111,(anonymous_6)
FN:152,(anonymous_7)
FN:168,(anonymous_8)
FN:178,(anonymous_9)
FN:190,(anonymous_10)
FN:204,(anonymous_11)
FN:218,(anonymous_12)
FN:228,(anonymous_13)
FN:240,(anonymous_14)
FN:250,(anonymous_15)
FN:261,(anonymous_16)
FN:274,(anonymous_17)
FN:286,(anonymous_18)
FN:301,(anonymous_19)
FN:314,(anonymous_20)
FN:329,(anonymous_21)
FN:346,(anonymous_22)
FN:359,(anonymous_23)
FN:372,(anonymous_24)
FN:391,(anonymous_25)
FN:411,(anonymous_26)
FN:431,(anonymous_27)
FN:445,(anonymous_28)
FN:456,(anonymous_29)
FNF:29
FNH:29
FNDA:332,Bitstream
FNDA:285,(anonymous_2)
FNDA:206,(anonymous_3)
FNDA:54,(anonymous_4)
FNDA:1283,(anonymous_5)
FNDA:866,(anonymous_6)
FNDA:1,(anonymous_7)
FNDA:2,(anonymous_8)
FNDA:106,(anonymous_9)
FNDA:104,(anonymous_10)
FNDA:210,(anonymous_11)
FNDA:743,(anonymous_12)
FNDA:578,(anonymous_13)
FNDA:1068,(anonymous_14)
FNDA:29,(anonymous_15)
FNDA:29,(anonymous_16)
FNDA:52,(anonymous_17)
FNDA:32,(anonymous_18)
FNDA:32,(anonymous_19)
FNDA:54,(anonymous_20)
FNDA:27,(anonymous_21)
FNDA:50,(anonymous_22)
FNDA:83,(anonymous_23)
FNDA:44,(anonymous_24)
FNDA:127,(anonymous_25)
FNDA:4,(anonymous_26)
FNDA:686,(anonymous_27)
FNDA:1386,(anonymous_28)
FNDA:1,(anonymous_29)
DA:1,1
DA:2,1
DA:14,1
DA:15,332
DA:16,332
DA:17,332
DA:18,332
DA:19,2
DA:23,1
DA:32,285
DA:40,206
DA:41,206
DA:42,206
DA:52,54
DA:53,54
DA:54,7
DA:56,47
DA:70,1283
DA:71,1283
DA:72,1283
DA:73,1283
DA:74,1283
DA:75,1283
DA:76,1283
DA:78,1283
DA:80,3402
DA:83,3402
DA:86,3402
DA:89,3402
DA:90,3402
DA:93,3402
DA:96,3402
DA:97,3402
DA:98,3402
DA:99,3402
DA:112,866
DA:113,866
DA:114,866
DA:115,866
DA:116,866
DA:117,866
DA:118,866
DA:119,866
DA:120,866
DA:121,866
DA:122,866
DA:124,866
DA:126,2379
DA:129,2379
DA:131,2379
DA:132,2379
DA:133,2379
DA:135,2379
DA:138,2379
DA:139,2379
DA:140,2379
DA:141,2379
DA:143,866
DA:153,1
DA:154,1
DA:155,1
DA:157,1
DA:158,4
DA:160,1
DA:169,2
DA:170,2
DA:179,106
DA:180,106
DA:181,2255
DA:183,106
DA:191,104
DA:192,104
DA:193,104
DA:194,2246
DA:197,104
DA:205,210
DA:206,210
DA:207,210
DA:208,3505
DA:210,210
DA:219,743
DA:220,743
DA:229,578
DA:230,578
DA:231,577
DA:241,1068
DA:242,1068
DA:251,29
DA:252,29
DA:253,29
DA:262,29
DA:263,29
DA:264,29
DA:275,52
DA:276,52
DA:277,52
DA:278,52
DA:290,32
DA:292,32
DA:293,32
DA:302,32
DA:303,32
DA:304,32
DA:315,54
DA:317,54
DA:318,54
DA:320,54
DA:321,54
DA:330,27
DA:331,27
DA:332,27
DA:333,109
DA:334,109
DA:337,27
DA:347,50
DA:348,50
DA:349,202
DA:351,50
DA:360,83
DA:361,83
DA:362,83
DA:364,83
DA:373,44
DA:374,44
DA:375,44
DA:377,44
DA:379,44
DA:395,127
DA:396,127
DA:397,127
DA:398,118
DA:399,117
DA:400,117
DA:412,4
DA:413,4
DA:414,1
DA:417,3
DA:418,15
DA:419,1
DA:422,2
DA:432,686
DA:433,686
DA:434,1
DA:446,1386
DA:447,1386
DA:456,1
DA:457,1
DA:458,1
DA:459,1
DA:460,1
DA:461,5
DA:463,1
DA:464,1
DA:467,1
LF:154
LH:154
BRDA:18,1,0,2
BRDA:18,1,1,330
BRDA:53,2,0,7
BRDA:53,2,1,47
BRDA:252,3,0,27
BRDA:252,3,1,2
BRDA:292,4,0,2
BRDA:292,4,1,30
BRDA:397,5,0,244
BRDA:397,5,1,118
BRDA:400,6,0,113
BRDA:400,6,1,4
BRDA:413,7,0,1
BRDA:413,7,1,3
BRDA:418,8,0,1
BRDA:418,8,1,14
BRDA:433,9,0,1
BRDA:433,9,1,685
BRF:18
BRH:18
end_of_record
TN:
SF:/home/kaen/code/wasabi/src/in_description.js
FN:9,(anonymous_1)
FN:15,(anonymous_2)
FN:19,(anonymous_3)
FN:23,(anonymous_4)
FN:27,(anonymous_5)
FN:31,(anonymous_6)
FNF:6
FNH:6
FNDA:83,(anonymous_1)
FNDA:66,(anonymous_2)
FNDA:50,(anonymous_3)
FNDA:47,(anonymous_4)
FNDA:50,(anonymous_5)
FNDA:12,(anonymous_6)
DA:1,1
DA:2,1
DA:9,1
DA:10,83
DA:11,83
DA:14,1
DA:16,66
DA:20,50
DA:24,47
DA:28,50
DA:32,12
DA:33,12
DA:34,12
DA:35,5
DA:36,7
DA:37,4
DA:38,3
DA:39,2
DA:41,1
DA:45,11
DA:47,11
DA:51,1
LF:22
LH:22
BRDA:34,1,0,5
BRDA:34,1,1,7
BRDA:36,2,0,4
BRDA:36,2,1,3
BRDA:38,3,0,2
BRDA:38,3,1,1
BRF:6
BRH:6
end_of_record
TN:
SF:/home/kaen/code/wasabi/src/types.js
FNF:0
FNH:0
DA:5,1
DA:6,1
DA:13,1
DA:14,1
DA:15,1
DA:16,5
DA:17,4
DA:21,1
DA:29,1
LF:9
LH:9
BRDA:16,1,0,4
BRDA:16,1,1,1
BRF:2
BRH:2
end_of_record
TN:
SF:/home/kaen/code/wasabi/src/wasabi_error.js
FN:1,WasabiError
FNF:1
FNH:1
FNDA:22,WasabiError
DA:1,1
DA:2,22
DA:3,22
DA:4,22
DA:7,1
DA:9,1
LF:6
LH:6
BRDA:3,1,0,22
BRDA:3,1,1,10
BRF:2
BRH:2
end_of_record
TN:
SF:/home/kaen/code/wasabi/src/out_description.js
FN:7,(anonymous_1)
FN:13,(anonymous_2)
FN:17,(anonymous_3)
FN:21,(anonymous_4)
FN:25,(anonymous_5)
FN:29,(anonymous_6)
FNF:6
FNH:6
FNDA:44,(anonymous_1)
FNDA:37,(anonymous_2)
FNDA:27,(anonymous_3)
FNDA:25,(anonymous_4)
FNDA:27,(anonymous_5)
FNDA:6,(anonymous_6)
DA:1,1
DA:7,1
DA:8,44
DA:9,44
DA:12,1
DA:14,37
DA:18,27
DA:22,25
DA:26,27
DA:30,6
DA:31,6
DA:35,1
LF:12
LH:12
BRF:0
BRH:0
end_of_record
TN:
SF:/home/kaen/code/wasabi/src/wasabi.js
FN:17,makeWasabi
FN:57,(anonymous_2)
FN:75,(anonymous_3)
FN:86,(anonymous_4)
FN:100,(anonymous_5)
FN:111,(anonymous_6)
FN:123,(anonymous_7)
FN:145,(anonymous_8)
FN:157,(anonymous_9)
FN:172,(anonymous_10)
FN:195,(anonymous_11)
FN:206,(anonymous_12)
FN:217,(anonymous_13)
FN:234,(anonymous_14)
FN:245,(anonymous_15)
FN:287,(anonymous_16)
FN:306,(anonymous_17)
FN:322,(anonymous_18)
FN:342,(anonymous_19)
FN:382,(anonymous_20)
FN:398,(anonymous_21)
FN:423,(anonymous_22)
FN:486,(anonymous_23)
FN:507,(anonymous_24)
FN:523,(anonymous_25)
FN:563,(anonymous_26)
FN:579,(anonymous_27)
FNF:27
FNH:27
FNDA:105,makeWasabi
FNDA:220,(anonymous_2)
FNDA:24,(anonymous_3)
FNDA:10,(anonymous_4)
FNDA:7,(anonymous_5)
FNDA:69,(anonymous_6)
FNDA:3,(anonymous_7)
FNDA:69,(anonymous_8)
FNDA:5,(anonymous_9)
FNDA:74,(anonymous_10)
FNDA:2,(anonymous_11)
FNDA:57,(anonymous_12)
FNDA:31,(anonymous_13)
FNDA:37,(anonymous_14)
FNDA:23,(anonymous_15)
FNDA:68,(anonymous_16)
FNDA:37,(anonymous_17)
FNDA:67,(anonymous_18)
FNDA:34,(anonymous_19)
FNDA:69,(anonymous_20)
FNDA:37,(anonymous_21)
FNDA:18,(anonymous_22)
FNDA:106,(anonymous_23)
FNDA:24,(anonymous_24)
FNDA:13,(anonymous_25)
FNDA:67,(anonymous_26)
FNDA:106,(anonymous_27)
DA:1,1
DA:2,1
DA:3,1
DA:4,1
DA:5,1
DA:6,1
DA:7,1
DA:17,1
DA:18,105
DA:21,105
DA:22,105
DA:23,105
DA:24,105
DA:25,105
DA:26,105
DA:27,105
DA:39,105
DA:58,220
DA:76,24
DA:77,24
DA:87,10
DA:101,7
DA:112,69
DA:113,69
DA:114,69
DA:124,3
DA:125,3
DA:126,2
DA:127,1
DA:128,1
DA:146,69
DA:147,69
DA:148,69
DA:158,5
DA:159,5
DA:160,7
DA:161,4
DA:162,4
DA:173,74
DA:176,74
DA:177,109
DA:178,38
DA:183,71
DA:184,138
DA:185,68
DA:196,2
DA:207,57
DA:208,57
DA:218,31
DA:219,31
DA:220,31
DA:221,1
DA:223,30
DA:224,30
DA:235,37
DA:236,37
DA:246,23
DA:247,23
DA:248,23
DA:249,23
DA:250,23
DA:251,1
DA:254,22
DA:255,22
DA:256,22
DA:257,22
DA:276,22
DA:277,22
DA:288,68
DA:289,68
DA:290,68
DA:291,101
DA:292,33
DA:293,33
DA:297,68
DA:307,37
DA:308,19
DA:312,36
DA:323,67
DA:324,67
DA:325,67
DA:326,74
DA:327,7
DA:328,7
DA:332,67
DA:343,34
DA:344,34
DA:345,34
DA:346,5
DA:347,5
DA:366,5
DA:368,5
DA:372,34
DA:383,69
DA:384,69
DA:385,126
DA:386,57
DA:389,69
DA:399,37
DA:400,37
DA:401,37
DA:402,31
DA:403,30
DA:407,36
DA:409,36
DA:424,18
DA:425,18
DA:426,18
DA:429,18
DA:434,18
DA:435,2
DA:436,1
DA:441,17
DA:442,1
DA:448,16
DA:450,15
DA:451,13
DA:452,15
DA:453,2
DA:459,15
DA:460,13
DA:461,35
DA:462,22
DA:469,16
DA:470,25
DA:476,25
DA:487,106
DA:488,106
DA:489,106
DA:490,24
DA:491,24
DA:492,24
DA:508,24
DA:509,24
DA:510,24
DA:511,24
DA:512,24
DA:524,13
DA:525,13
DA:526,13
DA:527,13
DA:528,13
DA:531,13
DA:532,13
DA:533,1
DA:537,12
DA:538,12
DA:539,12
DA:540,12
DA:544,12
DA:546,12
DA:550,1
DA:554,11
DA:564,67
DA:565,67
DA:566,67
DA:567,124
DA:568,57
DA:571,67
DA:580,106
DA:581,106
DA:582,106
DA:583,106
DA:584,106
DA:585,106
DA:586,106
DA:589,106
DA:593,68
DA:596,68
DA:600,68
DA:601,68
DA:602,124
DA:603,33
DA:608,68
DA:609,68
DA:610,98
DA:611,7
DA:616,68
DA:619,68
DA:620,68
DA:623,68
DA:624,68
DA:628,106
DA:629,105
DA:631,105
DA:633,67
DA:634,67
DA:638,105
DA:641,105
DA:655,105
DA:656,105
DA:657,172
DA:658,172
DA:662,52
DA:666,120
DA:678,102
DA:679,102
DA:680,102
DA:682,102
DA:700,1
DA:701,1
DA:702,1
DA:706,102
DA:707,102
DA:712,105
DA:713,105
DA:714,105
DA:715,105
DA:716,105
DA:718,105
DA:721,105
DA:722,105
DA:723,105
DA:724,945
DA:725,840
DA:729,105
DA:732,1
DA:734,1
LF:218
LH:218
BRDA:126,1,0,1
BRDA:126,1,1,1
BRDA:160,2,0,4
BRDA:160,2,1,3
BRDA:177,3,0,38
BRDA:177,3,1,71
BRDA:184,4,0,68
BRDA:184,4,1,70
BRDA:220,5,0,1
BRDA:220,5,1,30
BRDA:250,6,0,1
BRDA:250,6,1,22
BRDA:291,7,0,33
BRDA:291,7,1,68
BRDA:326,8,0,7
BRDA:326,8,1,67
BRDA:385,9,0,57
BRDA:385,9,1,69
BRDA:435,10,0,1
BRDA:435,10,1,1
BRDA:441,11,0,1
BRDA:441,11,1,16
BRDA:448,12,0,15
BRDA:448,12,1,1
BRDA:450,13,0,13
BRDA:450,13,1,2
BRDA:452,14,0,2
BRDA:452,14,1,13
BRDA:459,15,0,13
BRDA:459,15,1,2
BRDA:461,16,0,22
BRDA:461,16,1,13
BRDA:509,17,0,19
BRDA:509,17,1,5
BRDA:532,18,0,1
BRDA:532,18,1,12
BRDA:546,19,0,1
BRDA:546,19,1,11
BRDA:546,20,0,12
BRDA:546,20,1,11
BRDA:567,21,0,57
BRDA:567,21,1,67
BRDA:589,22,0,68
BRDA:589,22,1,38
BRDA:593,23,0,8
BRDA:593,23,1,60
BRDA:602,24,0,33
BRDA:602,24,1,91
BRDA:602,25,0,124
BRDA:602,25,1,56
BRDA:610,26,0,7
BRDA:610,26,1,91
BRDA:610,27,0,98
BRDA:610,27,1,30
BRDA:631,28,0,67
BRDA:631,28,1,38
BRDA:658,29,0,52
BRDA:658,29,1,120
BRDA:724,30,0,840
BRDA:724,30,1,105
BRF:60
BRH:60
end_of_record
TN:
SF:/home/kaen/code/wasabi/src/connection.js
FN:23,Connection
FN:38,(anonymous_2)
FN:49,(anonymous_3)
FN:58,(anonymous_4)
FN:72,(anonymous_5)
FNF:5
FNH:5
FNDA:140,Connection
FNDA:102,(anonymous_2)
FNDA:3,(anonymous_3)
FNDA:1,(anonymous_4)
FNDA:8,(anonymous_5)
DA:1,1
DA:23,1
DA:24,140
DA:26,140
DA:27,140
DA:28,140
DA:29,140
DA:30,140
DA:31,140
DA:33,140
DA:34,140
DA:38,140
DA:39,102
DA:43,1
DA:49,1
DA:50,3
DA:58,1
DA:59,1
DA:60,1
DA:61,2
DA:62,1
DA:72,1
DA:73,8
DA:74,8
DA:75,8
DA:76,8
DA:77,8
DA:78,10
DA:79,6
DA:80,6
DA:83,8
DA:86,1
LF:32
LH:32
BRDA:30,1,0,140
BRDA:30,1,1,70
BRDA:31,2,0,140
BRDA:31,2,1,70
BRDA:39,3,0,102
BRDA:39,3,1,102
BRDA:61,4,0,1
BRDA:61,4,1,1
BRDA:61,5,0,2
BRDA:61,5,1,2
BRF:10
BRH:10
end_of_record
TN:
SF:/home/kaen/code/wasabi/src/group.js
FN:17,Group
FN:33,(anonymous_2)
FN:44,(anonymous_3)
FNF:3
FNH:3
FNDA:5,Group
FNDA:5,(anonymous_2)
FNDA:4,(anonymous_3)
DA:17,1
DA:24,5
DA:33,1
DA:34,5
DA:44,1
DA:45,4
DA:46,4
DA:47,4
DA:48,3
DA:53,1
LF:10
LH:10
BRDA:47,1,0,3
BRDA:47,1,1,1
BRDA:47,2,0,4
BRDA:47,2,1,3
BRF:4
BRH:4
end_of_record
TN:
SF:/home/kaen/code/wasabi/src/registry.js
FN:7,_parseFunctionName
FN:44,Registry
FN:71,(anonymous_3)
FN:102,(anonymous_4)
FN:175,(anonymous_5)
FN:201,(anonymous_6)
FN:218,(anonymous_7)
FN:230,(anonymous_8)
FN:248,(anonymous_9)
FN:256,(anonymous_10)
FN:264,(anonymous_11)
FNF:11
FNH:11
FNDA:3403,_parseFunctionName
FNDA:106,Registry
FNDA:1249,(anonymous_3)
FNDA:223,(anonymous_4)
FNDA:958,(anonymous_5)
FNDA:18,(anonymous_6)
FNDA:48,(anonymous_7)
FNDA:10,(anonymous_8)
FNDA:62,(anonymous_9)
FNDA:25,(anonymous_10)
FNDA:15,(anonymous_11)
DA:1,1
DA:2,1
DA:7,1
DA:8,3403
DA:9,3403
DA:11,3403
DA:12,16
DA:15,3387
DA:16,3355
DA:25,32
DA:27,32
DA:28,29
DA:30,3
DA:33,32
DA:34,32
DA:44,1
DA:46,106
DA:47,106
DA:50,106
DA:51,106
DA:54,106
DA:55,106
DA:58,1
DA:72,1249
DA:73,1249
DA:74,1249
DA:76,1249
DA:77,984
DA:78,984
DA:82,1249
DA:86,13075
DA:89,13075
DA:92,1249
DA:103,223
DA:104,223
DA:105,223
DA:106,223
DA:107,223
DA:108,223
DA:111,223
DA:112,1
DA:115,222
DA:118,222
DA:119,1
DA:123,221
DA:124,221
DA:127,221
DA:131,3462
DA:133,947
DA:137,947
DA:143,947
DA:144,947
DA:145,937
DA:147,10
DA:151,947
DA:155,947
DA:176,958
DA:177,958
DA:180,958
DA:181,1
DA:185,957
DA:186,2
DA:190,955
DA:193,955
DA:194,955
DA:201,955
DA:202,18
DA:203,18
DA:204,15
DA:206,3
DA:219,48
DA:220,48
DA:221,48
DA:231,10
DA:232,10
DA:233,5
DA:235,5
DA:236,6
DA:237,5
DA:238,5
DA:249,62
DA:257,25
DA:265,15
DA:269,1
LF:84
LH:84
BRDA:11,1,0,16
BRDA:11,1,1,3387
BRDA:15,2,0,3355
BRDA:15,2,1,32
BRDA:27,3,0,29
BRDA:27,3,1,3
BRDA:27,4,0,32
BRDA:27,4,1,32
BRDA:27,4,2,29
BRDA:76,5,0,984
BRDA:76,5,1,265
BRDA:111,6,0,1
BRDA:111,6,1,222
BRDA:111,7,0,223
BRDA:111,7,1,223
BRDA:118,8,0,1
BRDA:118,8,1,221
BRDA:131,9,0,947
BRDA:131,9,1,2515
BRDA:131,10,0,3462
BRDA:131,10,1,2825
BRDA:131,10,2,2513
BRDA:144,11,0,937
BRDA:144,11,1,10
BRDA:151,12,0,947
BRDA:151,12,1,1
BRDA:180,13,0,1
BRDA:180,13,1,957
BRDA:180,14,0,958
BRDA:180,14,1,958
BRDA:185,15,0,2
BRDA:185,15,1,955
BRDA:186,16,0,1
BRDA:186,16,1,1
BRDA:203,17,0,15
BRDA:203,17,1,3
BRDA:219,18,0,48
BRDA:219,18,1,27
BRDA:232,19,0,5
BRDA:232,19,1,5
BRDA:236,20,0,5
BRDA:236,20,1,1
BRDA:236,21,0,6
BRDA:236,21,1,6
BRF:44
BRH:44
end_of_record
TN:
SF:/home/kaen/code/wasabi/src/rpc.js
FN:6,Rpc
FN:41,(anonymous_2)
FN:56,(anonymous_3)
FN:75,(anonymous_4)
FN:76,_defaultSerialize
FNF:5
FNH:5
FNDA:955,Rpc
FNDA:24,(anonymous_2)
FNDA:12,(anonymous_3)
FNDA:643,(anonymous_4)
FNDA:19,_defaultSerialize
DA:6,1
DA:7,955
DA:8,955
DA:9,955
DA:13,955
DA:14,955
DA:16,955
DA:18,955
DA:19,208
DA:20,747
DA:21,208
DA:23,539
DA:24,539
DA:29,955
DA:30,955
DA:41,1
DA:42,24
DA:43,24
DA:44,23
DA:56,1
DA:57,12
DA:58,12
DA:59,12
DA:60,6
DA:75,1
DA:76,643
DA:77,19
DA:78,19
DA:79,18
DA:84,1
LF:30
LH:30
BRDA:9,1,0,955
BRDA:9,1,1,643
BRDA:16,2,0,955
BRDA:16,2,1,1
BRDA:18,3,0,208
BRDA:18,3,1,747
BRDA:20,4,0,208
BRDA:20,4,1,539
BRDA:30,5,0,955
BRDA:30,5,1,16
BRDA:59,6,0,6
BRDA:59,6,1,6
BRF:12
BRH:12
end_of_record
