TN:
SF:/home/kaen/code/wasabi/src/bitstream.js
FN:14,Bitstream
FN:31,(anonymous_2)
FN:39,(anonymous_3)
FN:51,(anonymous_4)
FN:69,(anonymous_5)
FN:111,(anonymous_6)
FN:152,(anonymous_7)
FN:168,(anonymous_8)
FN:178,(anonymous_9)
FN:190,(anonymous_10)
FN:204,(anonymous_11)
FN:218,(anonymous_12)
FN:228,(anonymous_13)
FN:240,(anonymous_14)
FN:250,(anonymous_15)
FN:261,(anonymous_16)
FN:274,(anonymous_17)
FN:286,(anonymous_18)
FN:301,(anonymous_19)
FN:314,(anonymous_20)
FN:329,(anonymous_21)
FN:342,(anonymous_22)
FN:361,(anonymous_23)
FN:381,(anonymous_24)
FN:401,(anonymous_25)
FN:415,(anonymous_26)
FN:426,(anonymous_27)
FNF:27
FNH:27
FNDA:233,Bitstream
FNDA:191,(anonymous_2)
FNDA:142,(anonymous_3)
FNDA:33,(anonymous_4)
FNDA:806,(anonymous_5)
FNDA:512,(anonymous_6)
FNDA:1,(anonymous_7)
FNDA:2,(anonymous_8)
FNDA:75,(anonymous_9)
FNDA:73,(anonymous_10)
FNDA:73,(anonymous_11)
FNDA:421,(anonymous_12)
FNDA:306,(anonymous_13)
FNDA:619,(anonymous_14)
FNDA:21,(anonymous_15)
FNDA:21,(anonymous_16)
FNDA:45,(anonymous_17)
FNDA:24,(anonymous_18)
FNDA:24,(anonymous_19)
FNDA:47,(anonymous_20)
FNDA:69,(anonymous_21)
FNDA:32,(anonymous_22)
FNDA:101,(anonymous_23)
FNDA:4,(anonymous_24)
FNDA:383,(anonymous_25)
FNDA:878,(anonymous_26)
FNDA:1,(anonymous_27)
DA:1,1
DA:2,1
DA:14,1
DA:15,233
DA:16,233
DA:17,233
DA:18,233
DA:19,2
DA:23,1
DA:32,191
DA:40,142
DA:41,142
DA:42,142
DA:52,33
DA:53,33
DA:54,1
DA:56,32
DA:70,806
DA:71,806
DA:72,806
DA:73,806
DA:74,806
DA:75,806
DA:76,806
DA:78,806
DA:80,2246
DA:83,2246
DA:86,2246
DA:89,2246
DA:90,2246
DA:93,2246
DA:96,2246
DA:97,2246
DA:98,2246
DA:99,2246
DA:112,512
DA:113,512
DA:114,512
DA:115,512
DA:116,512
DA:117,512
DA:118,512
DA:119,512
DA:120,512
DA:121,512
DA:122,512
DA:124,512
DA:126,1463
DA:129,1463
DA:131,1463
DA:132,1463
DA:133,1463
DA:135,1463
DA:138,1463
DA:139,1463
DA:140,1463
DA:141,1463
DA:143,512
DA:153,1
DA:154,1
DA:155,1
DA:157,1
DA:158,4
DA:160,1
DA:169,2
DA:170,2
DA:179,75
DA:180,75
DA:181,1510
DA:183,75
DA:191,73
DA:192,73
DA:193,73
DA:194,1501
DA:197,73
DA:205,73
DA:206,73
DA:207,73
DA:208,1502
DA:210,73
DA:219,421
DA:220,421
DA:229,306
DA:230,306
DA:231,305
DA:241,619
DA:242,619
DA:251,21
DA:252,21
DA:253,21
DA:262,21
DA:263,21
DA:264,21
DA:275,45
DA:276,45
DA:277,45
DA:278,45
DA:290,24
DA:292,24
DA:293,24
DA:302,24
DA:303,24
DA:304,24
DA:315,47
DA:317,47
DA:318,47
DA:320,47
DA:321,47
DA:330,69
DA:331,69
DA:332,69
DA:334,69
DA:343,32
DA:344,32
DA:345,32
DA:347,32
DA:349,32
DA:365,101
DA:366,101
DA:367,101
DA:368,92
DA:369,91
DA:370,91
DA:382,4
DA:383,4
DA:384,1
DA:387,3
DA:388,15
DA:389,1
DA:392,2
DA:402,383
DA:403,383
DA:404,1
DA:416,878
DA:417,878
DA:426,1
DA:427,1
DA:428,1
DA:429,1
DA:430,1
DA:431,5
DA:433,1
DA:434,1
DA:437,1
LF:144
LH:144
BRDA:18,1,0,2
BRDA:18,1,1,231
BRDA:53,2,0,1
BRDA:53,2,1,32
BRDA:252,3,0,19
BRDA:252,3,1,2
BRDA:292,4,0,2
BRDA:292,4,1,22
BRDA:367,5,0,192
BRDA:367,5,1,92
BRDA:370,6,0,87
BRDA:370,6,1,4
BRDA:383,7,0,1
BRDA:383,7,1,3
BRDA:388,8,0,1
BRDA:388,8,1,14
BRDA:403,9,0,1
BRDA:403,9,1,382
BRF:18
BRH:18
end_of_record
TN:
SF:/home/kaen/code/wasabi/src/in_description.js
FN:9,(anonymous_1)
FN:15,(anonymous_2)
FN:19,(anonymous_3)
FN:23,(anonymous_4)
FN:27,(anonymous_5)
FNF:5
FNH:5
FNDA:69,(anonymous_1)
FNDA:55,(anonymous_2)
FNDA:43,(anonymous_3)
FNDA:40,(anonymous_4)
FNDA:7,(anonymous_5)
DA:1,1
DA:2,1
DA:9,1
DA:10,69
DA:11,69
DA:14,1
DA:16,55
DA:20,43
DA:24,40
DA:28,7
DA:29,7
DA:30,7
DA:31,4
DA:32,3
DA:33,2
DA:35,1
DA:39,6
DA:41,6
DA:45,1
LF:19
LH:19
BRDA:30,1,0,4
BRDA:30,1,1,3
BRDA:32,2,0,2
BRDA:32,2,1,1
BRF:4
BRH:4
end_of_record
TN:
SF:/home/kaen/code/wasabi/src/types.js
FNF:0
FNH:0
DA:1,1
DA:7,1
DA:13,1
DA:14,1
DA:15,1
DA:16,4
DA:17,3
DA:21,1
DA:26,1
LF:9
LH:9
BRDA:16,1,0,3
BRDA:16,1,1,1
BRF:2
BRH:2
end_of_record
TN:
SF:/home/kaen/code/wasabi/src/wasabi_error.js
FN:1,WasabiError
FNF:1
FNH:1
FNDA:10,WasabiError
DA:1,1
DA:2,10
DA:3,10
DA:6,1
DA:7,1
DA:9,1
LF:6
LH:6
BRDA:3,1,0,10
BRDA:3,1,1,5
BRF:2
BRH:2
end_of_record
TN:
SF:/home/kaen/code/wasabi/src/out_description.js
FN:7,(anonymous_1)
FN:13,(anonymous_2)
FN:17,(anonymous_3)
FN:21,(anonymous_4)
FN:25,(anonymous_5)
FNF:5
FNH:5
FNDA:32,(anonymous_1)
FNDA:27,(anonymous_2)
FNDA:19,(anonymous_3)
FNDA:17,(anonymous_4)
FNDA:3,(anonymous_5)
DA:1,1
DA:7,1
DA:8,32
DA:9,32
DA:12,1
DA:14,27
DA:18,19
DA:22,17
DA:26,3
DA:27,3
DA:31,1
LF:11
LH:11
BRF:0
BRH:0
end_of_record
TN:
SF:/home/kaen/code/wasabi/src/wasabi.js
FN:16,makeWasabi
FN:56,(anonymous_2)
FN:74,(anonymous_3)
FN:85,(anonymous_4)
FN:99,(anonymous_5)
FN:110,(anonymous_6)
FN:122,(anonymous_7)
FN:144,(anonymous_8)
FN:156,(anonymous_9)
FN:171,(anonymous_10)
FN:196,(anonymous_11)
FN:207,(anonymous_12)
FN:224,(anonymous_13)
FN:235,(anonymous_14)
FN:276,(anonymous_15)
FN:295,(anonymous_16)
FN:311,(anonymous_17)
FN:329,(anonymous_18)
FN:369,(anonymous_19)
FN:385,(anonymous_20)
FN:410,(anonymous_21)
FN:452,(anonymous_22)
FN:473,(anonymous_23)
FN:489,(anonymous_24)
FN:520,(anonymous_25)
FN:536,(anonymous_26)
FNF:26
FNH:26
FNDA:72,makeWasabi
FNDA:152,(anonymous_2)
FNDA:19,(anonymous_3)
FNDA:5,(anonymous_4)
FNDA:6,(anonymous_5)
FNDA:47,(anonymous_6)
FNDA:2,(anonymous_7)
FNDA:47,(anonymous_8)
FNDA:2,(anonymous_9)
FNDA:50,(anonymous_10)
FNDA:50,(anonymous_11)
FNDA:23,(anonymous_12)
FNDA:34,(anonymous_13)
FNDA:20,(anonymous_14)
FNDA:49,(anonymous_15)
FNDA:24,(anonymous_16)
FNDA:49,(anonymous_17)
FNDA:23,(anonymous_18)
FNDA:50,(anonymous_19)
FNDA:24,(anonymous_20)
FNDA:10,(anonymous_21)
FNDA:74,(anonymous_22)
FNDA:17,(anonymous_23)
FNDA:9,(anonymous_24)
FNDA:46,(anonymous_25)
FNDA:74,(anonymous_26)
DA:1,1
DA:2,1
DA:3,1
DA:4,1
DA:5,1
DA:6,1
DA:16,1
DA:17,72
DA:20,72
DA:21,72
DA:22,72
DA:23,72
DA:24,72
DA:25,72
DA:26,72
DA:38,72
DA:57,152
DA:75,19
DA:76,19
DA:86,5
DA:100,6
DA:111,47
DA:112,47
DA:113,47
DA:123,2
DA:124,2
DA:125,2
DA:126,1
DA:127,1
DA:145,47
DA:146,47
DA:147,47
DA:157,2
DA:158,2
DA:159,2
DA:160,1
DA:161,1
DA:172,50
DA:175,50
DA:176,72
DA:177,25
DA:182,47
DA:183,95
DA:184,49
DA:197,50
DA:198,50
DA:208,23
DA:209,23
DA:210,23
DA:211,1
DA:213,22
DA:214,22
DA:225,34
DA:226,34
DA:236,20
DA:237,20
DA:238,20
DA:239,20
DA:240,20
DA:241,1
DA:244,19
DA:245,19
DA:246,19
DA:265,19
DA:266,19
DA:277,49
DA:278,49
DA:279,49
DA:280,79
DA:281,30
DA:282,30
DA:286,49
DA:296,24
DA:297,16
DA:301,23
DA:312,49
DA:313,49
DA:314,53
DA:315,4
DA:319,49
DA:330,23
DA:331,23
DA:332,23
DA:333,3
DA:334,3
DA:353,3
DA:355,3
DA:359,23
DA:370,50
DA:371,50
DA:372,100
DA:373,50
DA:376,50
DA:386,24
DA:387,24
DA:388,24
DA:389,23
DA:390,22
DA:394,23
DA:396,23
DA:411,10
DA:412,10
DA:413,10
DA:418,10
DA:420,10
DA:421,9
DA:422,10
DA:423,1
DA:428,9
DA:429,25
DA:430,16
DA:435,10
DA:436,18
DA:442,18
DA:453,74
DA:454,74
DA:455,74
DA:456,17
DA:457,17
DA:458,17
DA:474,17
DA:475,17
DA:476,17
DA:477,17
DA:478,17
DA:490,9
DA:491,9
DA:492,9
DA:493,9
DA:494,9
DA:496,9
DA:497,7
DA:499,2
DA:502,9
DA:503,1
DA:506,8
DA:507,8
DA:508,8
DA:509,8
DA:510,8
DA:511,8
DA:521,46
DA:522,46
DA:523,46
DA:524,92
DA:525,46
DA:528,46
DA:537,74
DA:538,74
DA:539,74
DA:540,74
DA:541,74
DA:542,74
DA:544,74
DA:546,49
DA:547,49
DA:548,49
DA:549,49
DA:550,49
DA:551,98
DA:552,30
DA:556,49
DA:557,72
DA:558,4
DA:562,49
DA:565,49
DA:566,49
DA:569,49
DA:570,49
DA:573,49
DA:574,49
DA:578,74
DA:579,73
DA:581,73
DA:583,73
DA:584,73
DA:585,110
DA:586,110
DA:590,31
DA:594,79
DA:598,70
DA:599,70
DA:600,70
DA:604,72
DA:605,72
DA:606,72
DA:607,72
DA:608,72
DA:610,72
DA:613,72
DA:614,72
DA:615,72
DA:616,648
DA:617,576
DA:621,72
DA:624,1
DA:626,1
LF:197
LH:197
BRDA:125,1,0,1
BRDA:125,1,1,1
BRDA:159,2,0,1
BRDA:159,2,1,1
BRDA:176,3,0,25
BRDA:176,3,1,47
BRDA:183,4,0,49
BRDA:183,4,1,46
BRDA:210,5,0,1
BRDA:210,5,1,22
BRDA:240,6,0,1
BRDA:240,6,1,19
BRDA:280,7,0,30
BRDA:280,7,1,49
BRDA:314,8,0,4
BRDA:314,8,1,49
BRDA:372,9,0,50
BRDA:372,9,1,50
BRDA:420,10,0,9
BRDA:420,10,1,1
BRDA:422,11,0,1
BRDA:422,11,1,9
BRDA:429,12,0,16
BRDA:429,12,1,9
BRDA:475,13,0,12
BRDA:475,13,1,5
BRDA:496,14,0,7
BRDA:496,14,1,2
BRDA:502,15,0,1
BRDA:502,15,1,8
BRDA:524,16,0,46
BRDA:524,16,1,46
BRDA:544,17,0,49
BRDA:544,17,1,25
BRDA:547,18,0,3
BRDA:547,18,1,46
BRDA:551,19,0,30
BRDA:551,19,1,68
BRDA:551,20,0,98
BRDA:551,20,1,49
BRDA:557,21,0,4
BRDA:557,21,1,68
BRDA:557,22,0,72
BRDA:557,22,1,23
BRDA:586,23,0,31
BRDA:586,23,1,79
BRDA:616,24,0,576
BRDA:616,24,1,72
BRF:48
BRH:48
end_of_record
TN:
SF:/home/kaen/code/wasabi/src/connection.js
FN:17,Connection
FN:31,(anonymous_2)
FNF:2
FNH:2
FNDA:96,Connection
FNDA:71,(anonymous_2)
DA:1,1
DA:17,1
DA:18,96
DA:20,96
DA:21,96
DA:22,96
DA:23,96
DA:24,96
DA:25,96
DA:26,96
DA:27,96
DA:31,96
DA:32,71
DA:36,1
DA:38,1
LF:15
LH:15
BRDA:25,1,0,96
BRDA:25,1,1,96
BRDA:26,2,0,96
BRDA:26,2,1,48
BRDA:27,3,0,96
BRDA:27,3,1,48
BRDA:32,4,0,71
BRDA:32,4,1,71
BRF:8
BRH:8
end_of_record
TN:
SF:/home/kaen/code/wasabi/src/registry.js
FN:11,Registry
FN:35,(anonymous_2)
FN:53,(anonymous_3)
FN:96,(anonymous_4)
FN:97,(anonymous_5)
FN:116,(anonymous_6)
FN:130,(anonymous_7)
FN:143,(anonymous_8)
FN:149,(anonymous_9)
FN:167,(anonymous_10)
FN:175,(anonymous_11)
FN:183,(anonymous_12)
FNF:12
FNH:12
FNDA:73,Registry
FNDA:445,(anonymous_2)
FNDA:155,(anonymous_3)
FNDA:223,(anonymous_4)
FNDA:7,(anonymous_5)
FNDA:8,(anonymous_6)
FNDA:3,(anonymous_7)
FNDA:40,(anonymous_8)
FNDA:5,(anonymous_9)
FNDA:68,(anonymous_10)
FNDA:22,(anonymous_11)
FNDA:4,(anonymous_12)
DA:1,1
DA:2,1
DA:11,1
DA:13,73
DA:14,73
DA:17,73
DA:18,73
DA:21,73
DA:22,73
DA:25,1
DA:36,445
DA:37,445
DA:38,445
DA:40,445
DA:41,2712
DA:44,445
DA:54,155
DA:55,155
DA:56,155
DA:57,155
DA:58,155
DA:59,155
DA:60,155
DA:61,1
DA:65,154
DA:66,154
DA:69,1451
DA:70,223
DA:73,223
DA:78,223
DA:79,223
DA:80,217
DA:82,6
DA:85,223
DA:87,223
DA:88,223
DA:92,154
DA:93,154
DA:97,223
DA:98,7
DA:99,7
DA:117,8
DA:118,8
DA:120,8
DA:121,1
DA:124,7
DA:127,7
DA:128,7
DA:130,7
DA:131,3
DA:132,3
DA:144,40
DA:145,40
DA:146,40
DA:150,5
DA:151,5
DA:152,3
DA:154,2
DA:155,3
DA:156,2
DA:157,2
DA:168,68
DA:176,22
DA:184,4
DA:188,1
LF:65
LH:65
BRDA:60,1,0,1
BRDA:60,1,1,154
BRDA:69,2,0,223
BRDA:69,2,1,1228
BRDA:69,3,0,1451
BRDA:69,3,1,1084
BRDA:69,3,2,436
BRDA:79,4,0,217
BRDA:79,4,1,6
BRDA:120,5,0,1
BRDA:120,5,1,7
BRDA:144,6,0,40
BRDA:144,6,1,22
BRDA:151,7,0,3
BRDA:151,7,1,2
BRDA:155,8,0,2
BRDA:155,8,1,1
BRDA:155,9,0,3
BRDA:155,9,1,3
BRF:19
BRH:19
end_of_record
TN:
SF:/home/kaen/code/wasabi/src/rpc.js
FN:6,Rpc
FN:24,(anonymous_2)
FN:39,(anonymous_3)
FN:58,(anonymous_4)
FN:59,_defaultSerialize
FNF:5
FNH:5
FNDA:230,Rpc
FNDA:17,(anonymous_2)
FNDA:8,(anonymous_3)
FNDA:17,(anonymous_4)
FNDA:14,_defaultSerialize
DA:6,1
DA:7,230
DA:8,230
DA:9,230
DA:12,230
DA:13,230
DA:24,1
DA:25,17
DA:26,17
DA:27,15
DA:39,1
DA:40,8
DA:41,8
DA:42,7
DA:43,4
DA:58,1
DA:59,17
DA:60,14
DA:61,14
DA:62,10
DA:67,1
LF:21
LH:21
BRDA:9,1,0,230
BRDA:9,1,1,17
BRDA:13,2,0,230
BRDA:13,2,1,14
BRDA:42,3,0,4
BRDA:42,3,1,3
BRF:6
BRH:6
end_of_record
